Flow report for cosh
Tue May 30 08:01:04 2017
Quartus Prime Version 17.0.0 Build 595 04/25/2017 SJ Standard Edition


---------------------
; Table of Contents ;
---------------------
  1. Legal Notice
  2. Flow Summary
  3. Flow Settings
  4. Flow Non-Default Global Settings
  5. Flow Elapsed Time
  6. Flow OS Summary
  7. Flow Log
  8. Flow Messages
  9. Flow Suppressed Messages



----------------
; Legal Notice ;
----------------
Copyright (C) 2017  Intel Corporation. All rights reserved.
Your use of Intel Corporation's design tools, logic functions 
and other software and tools, and its AMPP partner logic 
functions, and any output files from any of the foregoing 
(including device programming or simulation files), and any 
associated documentation or information are expressly subject 
to the terms and conditions of the Intel Program License 
Subscription Agreement, the Intel Quartus Prime License Agreement,
the Intel MegaCore Function License Agreement, or other 
applicable license agreement, including, without limitation, 
that your use is for the sole purpose of programming logic 
devices manufactured by Intel and sold by Intel or its 
authorized distributors.  Please refer to the applicable 
agreement for further details.



+--------------------------------------------------------------------------------------+
; Flow Summary                                                                         ;
+------------------------------------+-------------------------------------------------+
; Flow Status                        ; Successful - Tue May 30 08:01:04 2017           ;
; Quartus Prime Version              ; 17.0.0 Build 595 04/25/2017 SJ Standard Edition ;
; Revision Name                      ; cosh                                            ;
; Top-level Entity Name              ; coshblock                                       ;
; Family                             ; Cyclone IV E                                    ;
; Total logic elements               ; 32 / 6,272 ( < 1 % )                            ;
;     Total combinational functions  ; 14 / 6,272 ( < 1 % )                            ;
;     Dedicated logic registers      ; 29 / 6,272 ( < 1 % )                            ;
; Total registers                    ; 29                                              ;
; Total pins                         ; 40 / 92 ( 43 % )                                ;
; Total virtual pins                 ; 0                                               ;
; Total memory bits                  ; 0 / 276,480 ( 0 % )                             ;
; Embedded Multiplier 9-bit elements ; 0 / 30 ( 0 % )                                  ;
; Total PLLs                         ; 0 / 2 ( 0 % )                                   ;
; Device                             ; EP4CE6E22C6                                     ;
; Timing Models                      ; Final                                           ;
+------------------------------------+-------------------------------------------------+


+-----------------------------------------+
; Flow Settings                           ;
+-------------------+---------------------+
; Option            ; Setting             ;
+-------------------+---------------------+
; Start date & time ; 05/30/2017 08:00:41 ;
; Main task         ; Compilation         ;
; Revision Name     ; cosh                ;
+-------------------+---------------------+


+-----------------------------------------------------------------------------------------------------------------------------+
; Flow Non-Default Global Settings                                                                                            ;
+-------------------------------------+----------------------------------------+---------------+-------------+----------------+
; Assignment Name                     ; Value                                  ; Default Value ; Entity Name ; Section Id     ;
+-------------------------------------+----------------------------------------+---------------+-------------+----------------+
; COMPILER_SIGNATURE_ID               ; 123745753107955.149611504100296        ; --            ; --          ; --             ;
; EDA_OUTPUT_DATA_FORMAT              ; Verilog Hdl                            ; --            ; --          ; eda_simulation ;
; EDA_SIMULATION_TOOL                 ; ModelSim-Altera (Verilog)              ; <None>        ; --          ; --             ;
; EDA_TIME_SCALE                      ; 1 ps                                   ; --            ; --          ; eda_simulation ;
; MISC_FILE                           ; romm.bsf                               ; --            ; --          ; --             ;
; MISC_FILE                           ; romm_inst.v                            ; --            ; --          ; --             ;
; MISC_FILE                           ; romm_bb.v                              ; --            ; --          ; --             ;
; MISC_FILE                           ; romm.inc                               ; --            ; --          ; --             ;
; MISC_FILE                           ; romm.cmp                               ; --            ; --          ; --             ;
; PARTITION_COLOR                     ; -- (Not supported for targeted family) ; --            ; coshblock   ; Top            ;
; PARTITION_FITTER_PRESERVATION_LEVEL ; -- (Not supported for targeted family) ; --            ; coshblock   ; Top            ;
; PARTITION_NETLIST_TYPE              ; -- (Not supported for targeted family) ; --            ; coshblock   ; Top            ;
; PROJECT_OUTPUT_DIRECTORY            ; output_files                           ; --            ; --          ; --             ;
; TOP_LEVEL_ENTITY                    ; coshblock                              ; cosh          ; --          ; --             ;
+-------------------------------------+----------------------------------------+---------------+-------------+----------------+


+-------------------------------------------------------------------------------------------------------------------------------+
; Flow Elapsed Time                                                                                                             ;
+---------------------------+--------------+-------------------------+---------------------+------------------------------------+
; Module Name               ; Elapsed Time ; Average Processors Used ; Peak Virtual Memory ; Total CPU Time (on all processors) ;
+---------------------------+--------------+-------------------------+---------------------+------------------------------------+
; Analysis & Synthesis      ; 00:00:10     ; 1.0                     ; 663 MB              ; 00:00:23                           ;
; Fitter                    ; 00:00:05     ; 1.0                     ; 1379 MB             ; 00:00:05                           ;
; Assembler                 ; 00:00:00     ; 1.0                     ; 540 MB              ; 00:00:00                           ;
; TimeQuest Timing Analyzer ; 00:00:03     ; 1.0                     ; 653 MB              ; 00:00:02                           ;
; EDA Netlist Writer        ; 00:00:00     ; 1.0                     ; 529 MB              ; 00:00:01                           ;
; Total                     ; 00:00:18     ; --                      ; --                  ; 00:00:31                           ;
+---------------------------+--------------+-------------------------+---------------------+------------------------------------+


+-----------------------------------------------------------------------------------------+
; Flow OS Summary                                                                         ;
+---------------------------+------------------+------------+------------+----------------+
; Module Name               ; Machine Hostname ; OS Name    ; OS Version ; Processor type ;
+---------------------------+------------------+------------+------------+----------------+
; Analysis & Synthesis      ; DESKTOP-DT7VOQ3  ; Windows 10 ; 10.0       ; x86_64         ;
; Fitter                    ; DESKTOP-DT7VOQ3  ; Windows 10 ; 10.0       ; x86_64         ;
; Assembler                 ; DESKTOP-DT7VOQ3  ; Windows 10 ; 10.0       ; x86_64         ;
; TimeQuest Timing Analyzer ; DESKTOP-DT7VOQ3  ; Windows 10 ; 10.0       ; x86_64         ;
; EDA Netlist Writer        ; DESKTOP-DT7VOQ3  ; Windows 10 ; 10.0       ; x86_64         ;
+---------------------------+------------------+------------+------------+----------------+


------------
; Flow Log ;
------------
quartus_map --read_settings_files=on --write_settings_files=off cosh -c cosh
quartus_fit --read_settings_files=off --write_settings_files=off cosh -c cosh
quartus_asm --read_settings_files=off --write_settings_files=off cosh -c cosh
quartus_sta cosh -c cosh
quartus_eda --read_settings_files=off --write_settings_files=off cosh -c cosh



